<?xml version="1.0" encoding="UTF-8"?>
<testng-results ignored="0" total="1" passed="1" failed="0" skipped="0">
  <reporter-output>
  </reporter-output>
  <suite started-at="2020-08-28T13:22:35 BST" name="Default suite" finished-at="2020-08-28T13:22:49 BST" duration-ms="13881">
    <groups>
    </groups>
    <test started-at="2020-08-28T13:22:35 BST" name="Default test" finished-at="2020-08-28T13:22:49 BST" duration-ms="13881">
      <class name="testNG.YahooLoginTestNG">
        <test-method is-config="true" signature="openBrowser()[pri:0, instance:testNG.YahooLoginTestNG@6b26e945]" started-at="2020-08-28T13:22:35 BST" name="openBrowser" finished-at="2020-08-28T13:22:38 BST" duration-ms="3641" status="PASS">
          <reporter-output>
          </reporter-output>
        </test-method> <!-- openBrowser -->
        <test-method signature="yahooLogin()[pri:0, instance:testNG.YahooLoginTestNG@6b26e945]" started-at="2020-08-28T13:22:38 BST" name="yahooLogin" finished-at="2020-08-28T13:22:49 BST" duration-ms="10211" status="PASS">
          <reporter-output>
          </reporter-output>
        </test-method> <!-- yahooLogin -->
      </class> <!-- testNG.YahooLoginTestNG -->
    </test> <!-- Default test -->
  </suite> <!-- Default suite -->
</testng-results>
